# JRE version: OpenJDK Runtime Environment (15.0.2+7) (build 15.0.2+7-27)
# Java VM: OpenJDK 64-Bit Server VM (15.0.2+7-27, mixed mode, sharing, tiered, compressed oops, g1 gc, windows-amd64)
GC Precious Log:
 CPUs: 8 total, 8 available
 Memory: 16159M
 Large Page Support: Disabled
 NUMA Support: Disabled
 Compressed Oops: Enabled (Zero based)
 Heap Region Size: 2M
 Heap Min Capacity: 8M
 Heap Initial Capacity: 254M
 Heap Max Capacity: 4040M
 Pre-touch: Disabled
 Parallel Workers: 8
 Concurrent Workers: 2
 Concurrent Refinement Workers: 8
 Periodic GC: Disabled
Heap:
 garbage-first heap   total 313344K, used 75493K [0x0000000703800000, 0x0000000800000000)
  region size 2048K, 29 young (59392K), 2 survivors (4096K)
 Metaspace       used 7422K, capacity 7600K, committed 7936K, reserved 1056768K
  class space    used 832K, capacity 898K, committed 1024K, reserved 1048576K
GC Heap History (10 events):
Event: 0.526 GC heap before
{Heap before GC invocations=0 (full 0):
 garbage-first heap   total 260096K, used 26624K [0x0000000703800000, 0x0000000800000000)
  region size 2048K, 11 young (22528K), 0 survivors (0K)
 Metaspace       used 6049K, capacity 6189K, committed 6400K, reserved 1056768K
  class space    used 632K, capacity 686K, committed 768K, reserved 1048576K
}
Event: 0.529 GC heap after
{Heap after GC invocations=1 (full 0):
 garbage-first heap   total 260096K, used 6062K [0x0000000703800000, 0x0000000800000000)
  region size 2048K, 1 young (2048K), 1 survivors (2048K)
 Metaspace       used 6049K, capacity 6189K, committed 6400K, reserved 1056768K
  class space    used 632K, capacity 686K, committed 768K, reserved 1048576K
}
Event: 0.552 GC heap before
{Heap before GC invocations=1 (full 0):
 garbage-first heap   total 260096K, used 38830K [0x0000000703800000, 0x0000000800000000)
  region size 2048K, 17 young (34816K), 1 survivors (2048K)
 Metaspace       used 6050K, capacity 6189K, committed 6400K, reserved 1056768K
  class space    used 632K, capacity 686K, committed 768K, reserved 1048576K
}
Event: 0.555 GC heap after
{Heap after GC invocations=2 (full 0):
 garbage-first heap   total 260096K, used 6191K [0x0000000703800000, 0x0000000800000000)
  region size 2048K, 2 young (4096K), 2 survivors (4096K)
 Metaspace       used 6050K, capacity 6189K, committed 6400K, reserved 1056768K
  class space    used 632K, capacity 686K, committed 768K, reserved 1048576K
}
Event: 0.889 GC heap before
{Heap before GC invocations=2 (full 0):
 garbage-first heap   total 260096K, used 172079K [0x0000000703800000, 0x0000000800000000)
  region size 2048K, 76 young (155648K), 2 survivors (4096K)
 Metaspace       used 6050K, capacity 6189K, committed 6400K, reserved 1056768K
  class space    used 632K, capacity 686K, committed 768K, reserved 1048576K
}
Event: 0.893 GC heap after
{Heap after GC invocations=3 (full 0):
 garbage-first heap   total 260096K, used 19597K [0x0000000703800000, 0x0000000800000000)
  region size 2048K, 2 young (4096K), 2 survivors (4096K)
 Metaspace       used 6050K, capacity 6189K, committed 6400K, reserved 1056768K
  class space    used 632K, capacity 686K, committed 768K, reserved 1048576K
}
Event: 0.959 GC heap before
{Heap before GC invocations=3 (full 0):
 garbage-first heap   total 260096K, used 171149K [0x0000000703800000, 0x0000000800000000)
  region size 2048K, 76 young (155648K), 2 survivors (4096K)
 Metaspace       used 6050K, capacity 6189K, committed 6400K, reserved 1056768K
  class space    used 632K, capacity 686K, committed 768K, reserved 1048576K
}
Event: 0.964 GC heap after
{Heap after GC invocations=4 (full 0):
 garbage-first heap   total 260096K, used 19289K [0x0000000703800000, 0x0000000800000000)
  region size 2048K, 2 young (4096K), 2 survivors (4096K)
 Metaspace       used 6050K, capacity 6189K, committed 6400K, reserved 1056768K
  class space    used 632K, capacity 686K, committed 768K, reserved 1048576K
}
Event: 1.131 GC heap before
{Heap before GC invocations=4 (full 0):
 garbage-first heap   total 260096K, used 179033K [0x0000000703800000, 0x0000000800000000)
  region size 2048K, 76 young (155648K), 2 survivors (4096K)
 Metaspace       used 6051K, capacity 6189K, committed 6400K, reserved 1056768K
  class space    used 632K, capacity 686K, committed 768K, reserved 1048576K
}
Event: 1.134 GC heap after
{Heap after GC invocations=5 (full 0):
 garbage-first heap   total 313344K, used 22245K [0x0000000703800000, 0x0000000800000000)
  region size 2048K, 2 young (4096K), 2 survivors (4096K)
 Metaspace       used 6051K, capacity 6189K, committed 6400K, reserved 1056768K
  class space    used 632K, capacity 686K, committed 768K, reserved 1048576K
}

